<?xml version="1.0" encoding="UTF-8"?>
<!-- Generated by org.testng.reporters.JUnitXMLReporter -->
<testsuite hostname="DESKTOP-VTBT3RG" ignored="0" name="Default test" tests="3" failures="0" timestamp="2021-10-14T08:33:42 IST" time="53.678" errors="0">
  <testcase name="validsearch" time="18.383" classname="Testcase.FlightsearchTestcase"/>
  <testcase name="validsearch" time="16.096" classname="Testcase.FlightsearchTestcase"/>
  <testcase name="validsearch" time="15.37" classname="Testcase.FlightsearchTestcase"/>
</testsuite> <!-- Default test -->
