<?xml version="1.0" encoding="UTF-8"?>
<!-- Generated by org.testng.reporters.JUnitXMLReporter -->
<testsuite hostname="DESKTOP-VTBT3RG" ignored="0" name="Test1" tests="3" failures="0" timestamp="2021-10-18T18:03:40 IST" time="56.137" errors="0">
  <testcase name="validsearch" time="12.534" classname="Testcase.FlightsearchTestcase"/>
  <testcase name="validsearch" time="19.839" classname="Testcase.FlightsearchTestcase"/>
  <testcase name="validsearch" time="16.74" classname="Testcase.FlightsearchTestcase"/>
</testsuite> <!-- Test1 -->
