<?xml version="1.0" encoding="UTF-8"?>
<!-- Generated by org.testng.reporters.JUnitXMLReporter -->
<testsuite hostname="DESKTOP-VTBT3RG" ignored="0" name="Test" tests="3" failures="0" timestamp="2021-10-18T18:03:41 IST" time="57.12" errors="0">
  <testcase name="validsearch" time="13.072" classname="Testcase.FlightsearchTestcase"/>
  <testcase name="validsearch" time="18.396" classname="Testcase.FlightsearchTestcase"/>
  <testcase name="validsearch" time="17.514" classname="Testcase.FlightsearchTestcase"/>
</testsuite> <!-- Test -->
