<?xml version="1.0" encoding="UTF-8"?>
<!-- Generated by org.testng.reporters.JUnitXMLReporter -->
<testsuite hostname="DESKTOP-VTBT3RG" ignored="0" name="Test2" tests="3" failures="0" timestamp="21 Oct 2021 18:00:51 GMT" time="52.861" errors="0">
  <testcase name="validsearch_class2" time="12.461" classname="Testcase.secondclass"/>
  <testcase name="validsearch_class2" time="17.93" classname="Testcase.secondclass"/>
  <testcase name="validsearch_class2" time="15.01" classname="Testcase.secondclass"/>
</testsuite> <!-- Test2 -->
