<?xml version="1.0" encoding="UTF-8"?>
<!-- Generated by org.testng.reporters.JUnitXMLReporter -->
<testsuite hostname="DESKTOP-VTBT3RG" ignored="0" name="Test3" tests="3" failures="0" timestamp="29 Dec 2021 07:58:31 GMT" time="39.325" errors="0">
  <testcase name="validsearch" time="9.362" classname="Testcase.FlightsearchTestcase"/>
  <testcase name="validsearch" time="10.519" classname="Testcase.FlightsearchTestcase"/>
  <testcase name="validsearch" time="10.341" classname="Testcase.FlightsearchTestcase"/>
</testsuite> <!-- Test3 -->
