<?xml version="1.0" encoding="UTF-8"?>
<!-- Generated by org.testng.reporters.JUnitXMLReporter -->
<testsuite hostname="DESKTOP-VTBT3RG" ignored="0" name="Test2" tests="3" failures="0" timestamp="29 Dec 2021 07:58:30 GMT" time="38.275" errors="0">
  <testcase name="validsearch" time="9.002" classname="Testcase.FlightsearchTestcase"/>
  <testcase name="validsearch" time="10.199" classname="Testcase.FlightsearchTestcase"/>
  <testcase name="validsearch" time="9.593" classname="Testcase.FlightsearchTestcase"/>
</testsuite> <!-- Test2 -->
