<?xml version="1.0" encoding="UTF-8"?>
<!-- Generated by org.testng.reporters.JUnitXMLReporter -->
<testsuite hostname="DESKTOP-VTBT3RG" ignored="0" name="Test" tests="3" failures="0" timestamp="20 Nov 2021 07:58:33 GMT" time="49.811" errors="0">
  <testcase name="validsearch" time="16.302" classname="Testcase.FlightsearchTestcase"/>
  <testcase name="validsearch" time="14.934" classname="Testcase.FlightsearchTestcase"/>
  <testcase name="validsearch" time="13.525" classname="Testcase.FlightsearchTestcase"/>
</testsuite> <!-- Test -->
