<?xml version="1.0" encoding="UTF-8"?>
<!-- Generated by org.testng.reporters.JUnitXMLReporter -->
<testsuite hostname="DESKTOP-VTBT3RG" ignored="0" name="Test1" tests="6" failures="0" timestamp="2021-10-19T08:47:59 IST" time="67.871" errors="0">
  <testcase name="validsearch" time="13.044" classname="Testcase.FlightsearchTestcase"/>
  <testcase name="validsearch" time="20.257" classname="Testcase.FlightsearchTestcase"/>
  <testcase name="validsearch" time="17.632" classname="Testcase.FlightsearchTestcase"/>
  <testcase name="validsearch_class2" time="3.016" classname="Testcase.secondclass"/>
  <testcase name="validsearch_class2" time="3.016" classname="Testcase.secondclass"/>
  <testcase name="validsearch_class2" time="3.007" classname="Testcase.secondclass"/>
</testsuite> <!-- Test1 -->
