<?xml version="1.0" encoding="UTF-8"?>
<!-- Generated by org.testng.reporters.JUnitXMLReporter -->
<testsuite hostname="DESKTOP-VTBT3RG" ignored="0" name="Test" tests="3" failures="0" timestamp="2021-10-14T09:28:19 IST" time="134.334" errors="0">
  <testcase name="validsearch" time="52.883" classname="Testcase.FlightsearchTestcase"/>
  <testcase name="validsearch" time="47.782" classname="Testcase.FlightsearchTestcase"/>
  <testcase name="validsearch" time="30.517" classname="Testcase.FlightsearchTestcase"/>
</testsuite> <!-- Test -->
