<?xml version="1.0" encoding="UTF-8"?>
<testsuite xmlns:xsi="http://www.w3.org/2001/XMLSchema-instance" xsi:noNamespaceSchemaLocation="https://maven.apache.org/surefire/maven-surefire-plugin/xsd/surefire-test-report.xsd" name="TestSuite" time="138.551" tests="3" errors="0" skipped="0" failures="0">
  <properties>
[...]
</properties>
  <testcase name="validsearch" classname="Testcase.FlightsearchTestcase" time="52.885"/>
  <testcase name="validsearch" classname="Testcase.FlightsearchTestcase" time="47.781"/>
  <testcase name="validsearch" classname="Testcase.FlightsearchTestcase" time="30.518"/>
</testsuite>