<?xml version="1.0" encoding="UTF-8"?>
<testng-results skipped="0" failed="0" ignored="0" total="3" passed="3">
  <reporter-output>
  </reporter-output>
  <suite name="Suite" duration-ms="41085" started-at="2021-12-04T07:56:16Z" finished-at="2021-12-04T07:56:57Z">
    <groups>
    </groups>
    <test name="Test2" duration-ms="41085" started-at="2021-12-04T07:56:16Z" finished-at="2021-12-04T07:56:57Z">
      <class name="Testcase.FlightsearchTestcase">
        <test-method status="PASS" signature="launch()[pri:0, instance:Testcase.FlightsearchTestcase@96def03]" name="launch" is-config="true" duration-ms="74" started-at="2021-12-04T13:26:16Z" finished-at="2021-12-04T13:26:16Z">
          <reporter-output>
          </reporter-output>
        </test-method> <!-- launch -->
        <test-method status="PASS" signature="launchurl(java.lang.String)[pri:0, instance:Testcase.FlightsearchTestcase@96def03]" name="launchurl" is-config="true" duration-ms="3878" started-at="2021-12-04T13:26:16Z" finished-at="2021-12-04T13:26:20Z">
          <params>
            <param index="0">
              <value>
                <![CDATA[chrome]]>
              </value>
            </param>
          </params>
          <reporter-output>
          </reporter-output>
        </test-method> <!-- launchurl -->
        <test-method status="PASS" signature="validsearch(java.lang.String, java.lang.String, java.lang.String, java.lang.String)[pri:0, instance:Testcase.FlightsearchTestcase@96def03]" name="validsearch" duration-ms="14985" started-at="2021-12-04T13:26:20Z" data-provider="flightsearch" finished-at="2021-12-04T13:26:35Z">
          <params>
            <param index="0">
              <value>
                <![CDATA[BKK]]>
              </value>
            </param>
            <param index="1">
              <value>
                <![CDATA[MAA]]>
              </value>
            </param>
            <param index="2">
              <value>
                <![CDATA[11/23/21]]>
              </value>
            </param>
            <param index="3">
              <value>
                <![CDATA[10/23/21]]>
              </value>
            </param>
          </params>
          <reporter-output>
          </reporter-output>
        </test-method> <!-- validsearch -->
        <test-method status="PASS" signature="validsearch(java.lang.String, java.lang.String, java.lang.String, java.lang.String)[pri:0, instance:Testcase.FlightsearchTestcase@96def03]" name="validsearch" duration-ms="11340" started-at="2021-12-04T13:26:35Z" data-provider="flightsearch" finished-at="2021-12-04T13:26:46Z">
          <params>
            <param index="0">
              <value>
                <![CDATA[GOI]]>
              </value>
            </param>
            <param index="1">
              <value>
                <![CDATA[SFO]]>
              </value>
            </param>
            <param index="2">
              <value>
                <![CDATA[11/25/21]]>
              </value>
            </param>
            <param index="3">
              <value>
                <![CDATA[10/25/21]]>
              </value>
            </param>
          </params>
          <reporter-output>
          </reporter-output>
        </test-method> <!-- validsearch -->
        <test-method status="PASS" signature="validsearch(java.lang.String, java.lang.String, java.lang.String, java.lang.String)[pri:0, instance:Testcase.FlightsearchTestcase@96def03]" name="validsearch" duration-ms="10027" started-at="2021-12-04T13:26:46Z" data-provider="flightsearch" finished-at="2021-12-04T13:26:56Z">
          <params>
            <param index="0">
              <value>
                <![CDATA[PNQ]]>
              </value>
            </param>
            <param index="1">
              <value>
                <![CDATA[HKG]]>
              </value>
            </param>
            <param index="2">
              <value>
                <![CDATA[11/29/21]]>
              </value>
            </param>
            <param index="3">
              <value>
                <![CDATA[10/30/21]]>
              </value>
            </param>
          </params>
          <reporter-output>
          </reporter-output>
        </test-method> <!-- validsearch -->
        <test-method status="PASS" signature="tear()[pri:0, instance:Testcase.FlightsearchTestcase@96def03]" name="tear" is-config="true" duration-ms="656" started-at="2021-12-04T13:26:56Z" finished-at="2021-12-04T13:26:57Z">
          <reporter-output>
          </reporter-output>
        </test-method> <!-- tear -->
        <test-method status="PASS" signature="teardonw()[pri:0, instance:Testcase.FlightsearchTestcase@96def03]" name="teardonw" is-config="true" duration-ms="141" started-at="2021-12-04T13:26:57Z" finished-at="2021-12-04T13:26:57Z">
          <reporter-output>
          </reporter-output>
        </test-method> <!-- teardonw -->
      </class> <!-- Testcase.FlightsearchTestcase -->
    </test> <!-- Test2 -->
  </suite> <!-- Suite -->
</testng-results>
