<?xml version="1.0" encoding="UTF-8"?>
<testng-results skipped="0" failed="0" ignored="0" total="6" passed="6">
  <reporter-output>
  </reporter-output>
  <suite name="Suite" duration-ms="39325" started-at="2021-12-29T07:57:52Z" finished-at="2021-12-29T07:58:31Z">
    <groups>
    </groups>
    <test name="Test2" duration-ms="38275" started-at="2021-12-29T07:57:52Z" finished-at="2021-12-29T07:58:30Z">
      <class name="Testcase.FlightsearchTestcase">
        <test-method status="PASS" signature="launchurl(java.lang.String)[pri:0, instance:Testcase.FlightsearchTestcase@2c767a52]" name="launchurl" is-config="true" duration-ms="8785" started-at="2021-12-29T13:27:52Z" finished-at="2021-12-29T13:28:01Z">
          <params>
            <param index="0">
              <value>
                <![CDATA[chrome]]>
              </value>
            </param>
          </params>
          <reporter-output>
          </reporter-output>
        </test-method> <!-- launchurl -->
        <test-method status="PASS" signature="validsearch(java.lang.String, java.lang.String, java.lang.String, java.lang.String)[pri:0, instance:Testcase.FlightsearchTestcase@2c767a52]" name="validsearch" duration-ms="9002" started-at="2021-12-29T13:28:01Z" data-provider="flightsearch" finished-at="2021-12-29T13:28:10Z">
          <params>
            <param index="0">
              <value>
                <![CDATA[BKK]]>
              </value>
            </param>
            <param index="1">
              <value>
                <![CDATA[MAA]]>
              </value>
            </param>
            <param index="2">
              <value>
                <![CDATA[12/23/21]]>
              </value>
            </param>
            <param index="3">
              <value>
                <![CDATA[10/23/21]]>
              </value>
            </param>
          </params>
          <reporter-output>
          </reporter-output>
        </test-method> <!-- validsearch -->
        <test-method status="PASS" signature="validsearch(java.lang.String, java.lang.String, java.lang.String, java.lang.String)[pri:0, instance:Testcase.FlightsearchTestcase@2c767a52]" name="validsearch" duration-ms="10199" started-at="2021-12-29T13:28:10Z" data-provider="flightsearch" finished-at="2021-12-29T13:28:20Z">
          <params>
            <param index="0">
              <value>
                <![CDATA[GOI]]>
              </value>
            </param>
            <param index="1">
              <value>
                <![CDATA[DEL]]>
              </value>
            </param>
            <param index="2">
              <value>
                <![CDATA[12/26/21]]>
              </value>
            </param>
            <param index="3">
              <value>
                <![CDATA[10/25/21]]>
              </value>
            </param>
          </params>
          <reporter-output>
          </reporter-output>
        </test-method> <!-- validsearch -->
        <test-method status="PASS" signature="validsearch(java.lang.String, java.lang.String, java.lang.String, java.lang.String)[pri:0, instance:Testcase.FlightsearchTestcase@2c767a52]" name="validsearch" duration-ms="9593" started-at="2021-12-29T13:28:20Z" data-provider="flightsearch" finished-at="2021-12-29T13:28:29Z">
          <params>
            <param index="0">
              <value>
                <![CDATA[PNQ]]>
              </value>
            </param>
            <param index="1">
              <value>
                <![CDATA[HKG]]>
              </value>
            </param>
            <param index="2">
              <value>
                <![CDATA[12/27/21]]>
              </value>
            </param>
            <param index="3">
              <value>
                <![CDATA[10/30/21]]>
              </value>
            </param>
          </params>
          <reporter-output>
          </reporter-output>
        </test-method> <!-- validsearch -->
        <test-method status="PASS" signature="tear()[pri:0, instance:Testcase.FlightsearchTestcase@2c767a52]" name="tear" is-config="true" duration-ms="670" started-at="2021-12-29T13:28:29Z" finished-at="2021-12-29T13:28:30Z">
          <reporter-output>
          </reporter-output>
        </test-method> <!-- tear -->
      </class> <!-- Testcase.FlightsearchTestcase -->
    </test> <!-- Test2 -->
    <test name="Test3" duration-ms="39325" started-at="2021-12-29T07:57:52Z" finished-at="2021-12-29T07:58:31Z">
      <class name="Testcase.FlightsearchTestcase">
        <test-method status="PASS" signature="launch()[pri:0, instance:Testcase.FlightsearchTestcase@1afd44cb]" name="launch" is-config="true" duration-ms="188" started-at="2021-12-29T13:27:52Z" finished-at="2021-12-29T13:27:52Z">
          <reporter-output>
          </reporter-output>
        </test-method> <!-- launch -->
        <test-method status="PASS" signature="launchurl(java.lang.String)[pri:0, instance:Testcase.FlightsearchTestcase@1afd44cb]" name="launchurl" is-config="true" duration-ms="7776" started-at="2021-12-29T13:27:52Z" finished-at="2021-12-29T13:28:00Z">
          <params>
            <param index="0">
              <value>
                <![CDATA[edge]]>
              </value>
            </param>
          </params>
          <reporter-output>
          </reporter-output>
        </test-method> <!-- launchurl -->
        <test-method status="PASS" signature="validsearch(java.lang.String, java.lang.String, java.lang.String, java.lang.String)[pri:0, instance:Testcase.FlightsearchTestcase@1afd44cb]" name="validsearch" duration-ms="9362" started-at="2021-12-29T13:28:00Z" data-provider="flightsearch" finished-at="2021-12-29T13:28:09Z">
          <params>
            <param index="0">
              <value>
                <![CDATA[BKK]]>
              </value>
            </param>
            <param index="1">
              <value>
                <![CDATA[MAA]]>
              </value>
            </param>
            <param index="2">
              <value>
                <![CDATA[12/23/21]]>
              </value>
            </param>
            <param index="3">
              <value>
                <![CDATA[10/23/21]]>
              </value>
            </param>
          </params>
          <reporter-output>
          </reporter-output>
        </test-method> <!-- validsearch -->
        <test-method status="PASS" signature="validsearch(java.lang.String, java.lang.String, java.lang.String, java.lang.String)[pri:0, instance:Testcase.FlightsearchTestcase@1afd44cb]" name="validsearch" duration-ms="10519" started-at="2021-12-29T13:28:09Z" data-provider="flightsearch" finished-at="2021-12-29T13:28:20Z">
          <params>
            <param index="0">
              <value>
                <![CDATA[GOI]]>
              </value>
            </param>
            <param index="1">
              <value>
                <![CDATA[DEL]]>
              </value>
            </param>
            <param index="2">
              <value>
                <![CDATA[12/26/21]]>
              </value>
            </param>
            <param index="3">
              <value>
                <![CDATA[10/25/21]]>
              </value>
            </param>
          </params>
          <reporter-output>
          </reporter-output>
        </test-method> <!-- validsearch -->
        <test-method status="PASS" signature="validsearch(java.lang.String, java.lang.String, java.lang.String, java.lang.String)[pri:0, instance:Testcase.FlightsearchTestcase@1afd44cb]" name="validsearch" duration-ms="10341" started-at="2021-12-29T13:28:20Z" data-provider="flightsearch" finished-at="2021-12-29T13:28:30Z">
          <params>
            <param index="0">
              <value>
                <![CDATA[PNQ]]>
              </value>
            </param>
            <param index="1">
              <value>
                <![CDATA[HKG]]>
              </value>
            </param>
            <param index="2">
              <value>
                <![CDATA[12/27/21]]>
              </value>
            </param>
            <param index="3">
              <value>
                <![CDATA[10/30/21]]>
              </value>
            </param>
          </params>
          <reporter-output>
          </reporter-output>
        </test-method> <!-- validsearch -->
        <test-method status="PASS" signature="tear()[pri:0, instance:Testcase.FlightsearchTestcase@1afd44cb]" name="tear" is-config="true" duration-ms="860" started-at="2021-12-29T13:28:30Z" finished-at="2021-12-29T13:28:31Z">
          <reporter-output>
          </reporter-output>
        </test-method> <!-- tear -->
        <test-method status="PASS" signature="teardonw()[pri:0, instance:Testcase.FlightsearchTestcase@1afd44cb]" name="teardonw" is-config="true" duration-ms="235" started-at="2021-12-29T13:28:31Z" finished-at="2021-12-29T13:28:31Z">
          <reporter-output>
          </reporter-output>
        </test-method> <!-- teardonw -->
      </class> <!-- Testcase.FlightsearchTestcase -->
    </test> <!-- Test3 -->
  </suite> <!-- Suite -->
</testng-results>
